<?xml version="1.0" encoding="UTF-8"?>
<!-- Generated by org.testng.reporters.JUnitReportReporter -->
<testsuite hostname="DESKTOP-R99J4U7" failures="0" tests="1" name="com.skillio.Mytestcases" time="16.922" errors="0" timestamp="2025-09-14T19:14:03 IST" skipped="0">
  <testcase classname="com.skillio.Mytestcases" name="clickOnToButton" time="16.922"/>
</testsuite> <!-- com.skillio.Mytestcases -->
