<?xml version="1.0" encoding="UTF-8"?>
<!-- Generated by org.testng.reporters.JUnitReportReporter -->
<testsuite hostname="DESKTOP-R99J4U7" failures="0" tests="1" name="com.skillio.MyTestCases" time="12.170" errors="0" timestamp="2025-09-04T23:42:22 IST" skipped="0">
  <testcase classname="com.skillio.MyTestCases" name="loginPage" time="12.170"/>
</testsuite> <!-- com.skillio.MyTestCases -->
